<?xml version="1.0" encoding="UTF-8"?>
<coverage generated="1770958514900" clover="3.2.0">
  <project timestamp="1770958514900" name="All files">
    <metrics statements="33" coveredstatements="33" conditionals="18" coveredconditionals="18" methods="8" coveredmethods="8" elements="59" coveredelements="59" complexity="0" loc="33" ncloc="33" packages="1" files="3" classes="3"/>
    <file name="auth.service.ts" path="C:\Users\Rahul Sahoo\lms-platform\apps\auth-service\src\services\auth.service.ts">
      <metrics statements="17" coveredstatements="17" conditionals="6" coveredconditionals="6" methods="3" coveredmethods="3"/>
      <line num="1" count="1" type="stmt"/>
      <line num="2" count="1" type="stmt"/>
      <line num="11" count="1" type="stmt"/>
      <line num="13" count="3" type="stmt"/>
      <line num="14" count="3" type="stmt"/>
      <line num="19" count="3" type="cond" truecount="2" falsecount="0"/>
      <line num="20" count="1" type="stmt"/>
      <line num="23" count="2" type="stmt"/>
      <line num="27" count="2" type="stmt"/>
      <line num="36" count="3" type="stmt"/>
      <line num="38" count="3" type="cond" truecount="2" falsecount="0"/>
      <line num="39" count="1" type="stmt"/>
      <line num="42" count="2" type="stmt"/>
      <line num="47" count="2" type="cond" truecount="2" falsecount="0"/>
      <line num="48" count="1" type="stmt"/>
      <line num="51" count="1" type="stmt"/>
      <line num="57" count="1" type="stmt"/>
    </file>
    <file name="jwt.service.ts" path="C:\Users\Rahul Sahoo\lms-platform\apps\auth-service\src\services\jwt.service.ts">
      <metrics statements="8" coveredstatements="8" conditionals="4" coveredconditionals="4" methods="3" coveredmethods="3"/>
      <line num="1" count="2" type="stmt"/>
      <line num="9" count="2" type="stmt"/>
      <line num="10" count="5" type="cond" truecount="2" falsecount="0"/>
      <line num="11" count="5" type="cond" truecount="2" falsecount="0"/>
      <line num="14" count="2" type="stmt"/>
      <line num="20" count="2" type="stmt"/>
      <line num="21" count="2" type="stmt"/>
      <line num="23" count="1" type="stmt"/>
    </file>
    <file name="password.service.ts" path="C:\Users\Rahul Sahoo\lms-platform\apps\auth-service\src\services\password.service.ts">
      <metrics statements="8" coveredstatements="8" conditionals="8" coveredconditionals="8" methods="2" coveredmethods="2"/>
      <line num="1" count="2" type="stmt"/>
      <line num="3" count="2" type="stmt"/>
      <line num="6" count="6" type="cond" truecount="4" falsecount="0"/>
      <line num="7" count="1" type="stmt"/>
      <line num="9" count="5" type="stmt"/>
      <line num="13" count="5" type="cond" truecount="4" falsecount="0"/>
      <line num="14" count="1" type="stmt"/>
      <line num="16" count="4" type="stmt"/>
    </file>
  </project>
</coverage>
