{"C:\\Users\\Rahul Sahoo\\lms-platform\\apps\\auth-service\\src\\config\\database.config.ts": {"path":"C:\\Users\\Rahul Sahoo\\lms-platform\\apps\\auth-service\\src\\config\\database.config.ts","statementMap":{"0":{"start":{"line":1,"column":0},"end":{"line":1,"column":36}},"1":{"start":{"line":2,"column":0},"end":{"line":2,"column":28}},"2":{"start":{"line":4,"column":0},"end":{"line":8,"column":1}},"3":{"start":{"line":5,"column":4},"end":{"line":5,"column":38}},"4":{"start":{"line":7,"column":4},"end":{"line":7,"column":20}},"5":{"start":{"line":10,"column":13},"end":{"line":20,"column":2}},"6":{"start":{"line":22,"column":23},"end":{"line":30,"column":1}},"7":{"start":{"line":23,"column":4},"end":{"line":29,"column":5}},"8":{"start":{"line":24,"column":8},"end":{"line":24,"column":39}},"9":{"start":{"line":25,"column":8},"end":{"line":25,"column":36}},"10":{"start":{"line":27,"column":8},"end":{"line":27,"column":51}},"11":{"start":{"line":28,"column":8},"end":{"line":28,"column":24}},"12":{"start":{"line":22,"column":13},"end":{"line":22,"column":23}}},"fnMap":{"0":{"name":"(anonymous_1)","decl":{"start":{"line":22,"column":23},"end":{"line":22,"column":28}},"loc":{"start":{"line":22,"column":32},"end":{"line":30,"column":1}}}},"branchMap":{"0":{"loc":{"start":{"line":4,"column":0},"end":{"line":8,"column":1}},"type":"if","locations":[{"start":{"line":4,"column":0},"end":{"line":8,"column":1}},{"start":{"line":6,"column":5},"end":{"line":8,"column":1}}]}},"s":{"0":3,"1":3,"2":3,"3":3,"4":0,"5":3,"6":3,"7":0,"8":0,"9":0,"10":0,"11":0,"12":3},"f":{"0":0},"b":{"0":[3,0]}}
,"C:\\Users\\Rahul Sahoo\\lms-platform\\apps\\auth-service\\src\\models\\index.ts": {"path":"C:\\Users\\Rahul Sahoo\\lms-platform\\apps\\auth-service\\src\\models\\index.ts","statementMap":{"0":{"start":{"line":1,"column":0},"end":{"line":1,"column":9}},"1":{"start":{"line":26,"column":8},"end":{"line":1,"column":36}},"2":{"start":{"line":2,"column":0},"end":{"line":2,"column":9}},"3":{"start":{"line":26,"column":13},"end":{"line":2,"column":36}},"4":{"start":{"line":3,"column":0},"end":{"line":3,"column":9}},"5":{"start":{"line":26,"column":18},"end":{"line":3,"column":48}},"6":{"start":{"line":4,"column":0},"end":{"line":4,"column":9}},"7":{"start":{"line":26,"column":29},"end":{"line":4,"column":45}},"8":{"start":{"line":5,"column":0},"end":{"line":5,"column":56}},"9":{"start":{"line":8,"column":0},"end":{"line":11,"column":3}},"10":{"start":{"line":12,"column":0},"end":{"line":15,"column":3}},"11":{"start":{"line":17,"column":0},"end":{"line":20,"column":3}},"12":{"start":{"line":21,"column":0},"end":{"line":24,"column":3}}},"fnMap":{"0":{"name":"(anonymous_0)","decl":{"start":{"line":26,"column":8},"end":{"line":26,"column":12}},"loc":{"start":{"line":26,"column":8},"end":{"line":1,"column":36}}},"1":{"name":"(anonymous_1)","decl":{"start":{"line":26,"column":13},"end":{"line":26,"column":17}},"loc":{"start":{"line":26,"column":13},"end":{"line":2,"column":36}}},"2":{"name":"(anonymous_2)","decl":{"start":{"line":26,"column":18},"end":{"line":26,"column":28}},"loc":{"start":{"line":26,"column":18},"end":{"line":3,"column":48}}},"3":{"name":"(anonymous_3)","decl":{"start":{"line":26,"column":29},"end":{"line":26,"column":37}},"loc":{"start":{"line":26,"column":29},"end":{"line":4,"column":45}}}},"branchMap":{},"s":{"0":3,"1":17,"2":3,"3":13,"4":3,"5":3,"6":3,"7":3,"8":3,"9":3,"10":3,"11":3,"12":3},"f":{"0":14,"1":10,"2":0,"3":0},"b":{}}
,"C:\\Users\\Rahul Sahoo\\lms-platform\\apps\\auth-service\\src\\models\\permission.model.ts": {"path":"C:\\Users\\Rahul Sahoo\\lms-platform\\apps\\auth-service\\src\\models\\permission.model.ts","statementMap":{"0":{"start":{"line":1,"column":0},"end":{"line":1,"column":44}},"1":{"start":{"line":2,"column":0},"end":{"line":2,"column":54}},"2":{"start":{"line":4,"column":0},"end":{"line":4,"column":13}},"3":{"start":{"line":10,"column":0},"end":{"line":30,"column":2}}},"fnMap":{},"branchMap":{},"s":{"0":3,"1":3,"2":3,"3":3},"f":{},"b":{}}
,"C:\\Users\\Rahul Sahoo\\lms-platform\\apps\\auth-service\\src\\models\\role.model.ts": {"path":"C:\\Users\\Rahul Sahoo\\lms-platform\\apps\\auth-service\\src\\models\\role.model.ts","statementMap":{"0":{"start":{"line":1,"column":0},"end":{"line":1,"column":44}},"1":{"start":{"line":2,"column":0},"end":{"line":2,"column":54}},"2":{"start":{"line":4,"column":0},"end":{"line":4,"column":13}},"3":{"start":{"line":10,"column":0},"end":{"line":31,"column":2}}},"fnMap":{},"branchMap":{},"s":{"0":3,"1":3,"2":3,"3":3},"f":{},"b":{}}
,"C:\\Users\\Rahul Sahoo\\lms-platform\\apps\\auth-service\\src\\models\\rolePermission.model.ts": {"path":"C:\\Users\\Rahul Sahoo\\lms-platform\\apps\\auth-service\\src\\models\\rolePermission.model.ts","statementMap":{"0":{"start":{"line":1,"column":0},"end":{"line":1,"column":44}},"1":{"start":{"line":2,"column":0},"end":{"line":2,"column":54}},"2":{"start":{"line":4,"column":0},"end":{"line":4,"column":13}},"3":{"start":{"line":6,"column":0},"end":{"line":24,"column":null}}},"fnMap":{},"branchMap":{},"s":{"0":3,"1":3,"2":3,"3":3},"f":{},"b":{}}
,"C:\\Users\\Rahul Sahoo\\lms-platform\\apps\\auth-service\\src\\models\\user.model.ts": {"path":"C:\\Users\\Rahul Sahoo\\lms-platform\\apps\\auth-service\\src\\models\\user.model.ts","statementMap":{"0":{"start":{"line":1,"column":0},"end":{"line":1,"column":43}},"1":{"start":{"line":3,"column":0},"end":{"line":3,"column":54}},"2":{"start":{"line":6,"column":0},"end":{"line":6,"column":13}},"3":{"start":{"line":21,"column":0},"end":{"line":66,"column":2}}},"fnMap":{},"branchMap":{},"s":{"0":3,"1":3,"2":3,"3":3},"f":{},"b":{}}
,"C:\\Users\\Rahul Sahoo\\lms-platform\\apps\\auth-service\\src\\models\\userRole.models.ts": {"path":"C:\\Users\\Rahul Sahoo\\lms-platform\\apps\\auth-service\\src\\models\\userRole.models.ts","statementMap":{"0":{"start":{"line":1,"column":0},"end":{"line":1,"column":44}},"1":{"start":{"line":2,"column":0},"end":{"line":2,"column":54}},"2":{"start":{"line":4,"column":0},"end":{"line":4,"column":13}},"3":{"start":{"line":6,"column":0},"end":{"line":24,"column":2}}},"fnMap":{},"branchMap":{},"s":{"0":3,"1":3,"2":3,"3":3},"f":{},"b":{}}
,"C:\\Users\\Rahul Sahoo\\lms-platform\\apps\\auth-service\\src\\services\\auth.service.ts": {"path":"C:\\Users\\Rahul Sahoo\\lms-platform\\apps\\auth-service\\src\\services\\auth.service.ts","statementMap":{"0":{"start":{"line":1,"column":0},"end":{"line":1,"column":53}},"1":{"start":{"line":2,"column":0},"end":{"line":2,"column":43}},"2":{"start":{"line":3,"column":0},"end":{"line":3,"column":39}},"3":{"start":{"line":17,"column":12},"end":{"line":17,"column":30}},"4":{"start":{"line":18,"column":12},"end":{"line":18,"column":25}},"5":{"start":{"line":22,"column":25},"end":{"line":24,"column":6}},"6":{"start":{"line":26,"column":4},"end":{"line":28,"column":5}},"7":{"start":{"line":27,"column":6},"end":{"line":27,"column":45}},"8":{"start":{"line":30,"column":27},"end":{"line":31,"column":null}},"9":{"start":{"line":34,"column":17},"end":{"line":41,"column":6}},"10":{"start":{"line":43,"column":17},"end":{"line":45,"column":6}},"11":{"start":{"line":47,"column":4},"end":{"line":49,"column":5}},"12":{"start":{"line":48,"column":6},"end":{"line":48,"column":48}},"13":{"start":{"line":51,"column":4},"end":{"line":51,"column":29}},"14":{"start":{"line":53,"column":4},"end":{"line":53,"column":16}},"15":{"start":{"line":57,"column":17},"end":{"line":60,"column":6}},"16":{"start":{"line":62,"column":4},"end":{"line":64,"column":5}},"17":{"start":{"line":63,"column":6},"end":{"line":63,"column":40}},"18":{"start":{"line":66,"column":20},"end":{"line":68,"column":null}},"19":{"start":{"line":71,"column":4},"end":{"line":73,"column":5}},"20":{"start":{"line":72,"column":6},"end":{"line":72,"column":45}},"21":{"start":{"line":75,"column":19},"end":{"line":75,"column":61}},"22":{"start":{"line":75,"column":54},"end":{"line":75,"column":60}},"23":{"start":{"line":77,"column":24},"end":{"line":81,"column":6}},"24":{"start":{"line":83,"column":4},"end":{"line":83,"column":27}},"25":{"start":{"line":15,"column":0},"end":{"line":15,"column":13}}},"fnMap":{"0":{"name":"(anonymous_0)","decl":{"start":{"line":16,"column":2},"end":{"line":16,"column":null}},"loc":{"start":{"line":18,"column":41},"end":{"line":19,"column":6}}},"1":{"name":"(anonymous_1)","decl":{"start":{"line":21,"column":2},"end":{"line":21,"column":7}},"loc":{"start":{"line":21,"column":36},"end":{"line":54,"column":3}}},"2":{"name":"(anonymous_2)","decl":{"start":{"line":56,"column":2},"end":{"line":56,"column":7}},"loc":{"start":{"line":56,"column":45},"end":{"line":84,"column":3}}},"3":{"name":"(anonymous_3)","decl":{"start":{"line":75,"column":42},"end":{"line":75,"column":43}},"loc":{"start":{"line":75,"column":54},"end":{"line":75,"column":60}}}},"branchMap":{"0":{"loc":{"start":{"line":17,"column":12},"end":{"line":17,"column":51}},"type":"default-arg","locations":[{"start":{"line":17,"column":30},"end":{"line":17,"column":51}}]},"1":{"loc":{"start":{"line":18,"column":12},"end":{"line":18,"column":41}},"type":"default-arg","locations":[{"start":{"line":18,"column":25},"end":{"line":18,"column":41}}]},"2":{"loc":{"start":{"line":26,"column":4},"end":{"line":28,"column":5}},"type":"if","locations":[{"start":{"line":26,"column":4},"end":{"line":28,"column":5}},{"start":{},"end":{}}]},"3":{"loc":{"start":{"line":47,"column":4},"end":{"line":49,"column":5}},"type":"if","locations":[{"start":{"line":47,"column":4},"end":{"line":49,"column":5}},{"start":{},"end":{}}]},"4":{"loc":{"start":{"line":62,"column":4},"end":{"line":64,"column":5}},"type":"if","locations":[{"start":{"line":62,"column":4},"end":{"line":64,"column":5}},{"start":{},"end":{}}]},"5":{"loc":{"start":{"line":71,"column":4},"end":{"line":73,"column":5}},"type":"if","locations":[{"start":{"line":71,"column":4},"end":{"line":73,"column":5}},{"start":{},"end":{}}]}},"s":{"0":1,"1":1,"2":1,"3":6,"4":6,"5":6,"6":6,"7":1,"8":5,"9":5,"10":5,"11":5,"12":1,"13":4,"14":4,"15":3,"16":3,"17":1,"18":2,"19":2,"20":1,"21":1,"22":1,"23":1,"24":1,"25":1},"f":{"0":6,"1":6,"2":3,"3":1},"b":{"0":[0],"1":[0],"2":[1,5],"3":[1,4],"4":[1,2],"5":[1,1]}}
,"C:\\Users\\Rahul Sahoo\\lms-platform\\apps\\auth-service\\src\\services\\jwt.service.ts": {"path":"C:\\Users\\Rahul Sahoo\\lms-platform\\apps\\auth-service\\src\\services\\jwt.service.ts","statementMap":{"0":{"start":{"line":1,"column":0},"end":{"line":1,"column":31}},"1":{"start":{"line":14,"column":4},"end":{"line":14,"column":40}},"2":{"start":{"line":15,"column":4},"end":{"line":15,"column":61}},"3":{"start":{"line":19,"column":4},"end":{"line":21,"column":7}},"4":{"start":{"line":25,"column":4},"end":{"line":29,"column":5}},"5":{"start":{"line":26,"column":6},"end":{"line":26,"column":58}},"6":{"start":{"line":28,"column":6},"end":{"line":28,"column":39}},"7":{"start":{"line":10,"column":0},"end":{"line":10,"column":13}}},"fnMap":{"0":{"name":"(anonymous_1)","decl":{"start":{"line":13,"column":2},"end":{"line":13,"column":null}},"loc":{"start":{"line":13,"column":2},"end":{"line":16,"column":3}}},"1":{"name":"(anonymous_2)","decl":{"start":{"line":18,"column":2},"end":{"line":18,"column":21}},"loc":{"start":{"line":18,"column":41},"end":{"line":22,"column":3}}},"2":{"name":"(anonymous_3)","decl":{"start":{"line":24,"column":2},"end":{"line":24,"column":19}},"loc":{"start":{"line":24,"column":33},"end":{"line":30,"column":3}}}},"branchMap":{},"s":{"0":2,"1":8,"2":8,"3":2,"4":2,"5":2,"6":1,"7":2},"f":{"0":8,"1":2,"2":2},"b":{}}
,"C:\\Users\\Rahul Sahoo\\lms-platform\\apps\\auth-service\\src\\services\\password.service.ts": {"path":"C:\\Users\\Rahul Sahoo\\lms-platform\\apps\\auth-service\\src\\services\\password.service.ts","statementMap":{"0":{"start":{"line":1,"column":0},"end":{"line":1,"column":27}},"1":{"start":{"line":6,"column":8},"end":{"line":8,"column":9}},"2":{"start":{"line":7,"column":12},"end":{"line":7,"column":56}},"3":{"start":{"line":9,"column":8},"end":{"line":9,"column":45}},"4":{"start":{"line":13,"column":8},"end":{"line":15,"column":9}},"5":{"start":{"line":14,"column":12},"end":{"line":14,"column":56}},"6":{"start":{"line":16,"column":8},"end":{"line":16,"column":null}},"7":{"start":{"line":3,"column":0},"end":{"line":3,"column":13}}},"fnMap":{"0":{"name":"(anonymous_1)","decl":{"start":{"line":4,"column":4},"end":{"line":4,"column":9}},"loc":{"start":{"line":4,"column":43},"end":{"line":10,"column":5}}},"1":{"name":"(anonymous_2)","decl":{"start":{"line":11,"column":4},"end":{"line":11,"column":9}},"loc":{"start":{"line":11,"column":68},"end":{"line":17,"column":5}}}},"branchMap":{"0":{"loc":{"start":{"line":6,"column":8},"end":{"line":8,"column":9}},"type":"if","locations":[{"start":{"line":6,"column":8},"end":{"line":8,"column":9}},{"start":{},"end":{}}]},"1":{"loc":{"start":{"line":6,"column":11},"end":{"line":6,"column":60}},"type":"binary-expr","locations":[{"start":{"line":6,"column":11},"end":{"line":6,"column":25}},{"start":{"line":6,"column":29},"end":{"line":6,"column":60}}]},"2":{"loc":{"start":{"line":13,"column":8},"end":{"line":15,"column":9}},"type":"if","locations":[{"start":{"line":13,"column":8},"end":{"line":15,"column":9}},{"start":{},"end":{}}]},"3":{"loc":{"start":{"line":13,"column":11},"end":{"line":13,"column":60}},"type":"binary-expr","locations":[{"start":{"line":13,"column":11},"end":{"line":13,"column":25}},{"start":{"line":13,"column":29},"end":{"line":13,"column":60}}]}},"s":{"0":2,"1":9,"2":1,"3":8,"4":5,"5":1,"6":4,"7":2},"f":{"0":9,"1":5},"b":{"0":[1,8],"1":[9,8],"2":[1,4],"3":[5,4]}}
}
