{"C:\\Users\\Rahul Sahoo\\lms-platform\\apps\\auth-service\\src\\services\\auth.service.ts": {"path":"C:\\Users\\Rahul Sahoo\\lms-platform\\apps\\auth-service\\src\\services\\auth.service.ts","statementMap":{"0":{"start":{"line":1,"column":0},"end":{"line":1,"column":53}},"1":{"start":{"line":2,"column":0},"end":{"line":2,"column":43}},"2":{"start":{"line":3,"column":0},"end":{"line":3,"column":55}},"3":{"start":{"line":4,"column":0},"end":{"line":4,"column":46}},"4":{"start":{"line":5,"column":0},"end":{"line":5,"column":28}},"5":{"start":{"line":6,"column":0},"end":{"line":6,"column":52}},"6":{"start":{"line":7,"column":0},"end":{"line":7,"column":46}},"7":{"start":{"line":21,"column":12},"end":{"line":21,"column":30}},"8":{"start":{"line":22,"column":12},"end":{"line":22,"column":25}},"9":{"start":{"line":26,"column":25},"end":{"line":28,"column":6}},"10":{"start":{"line":30,"column":4},"end":{"line":32,"column":5}},"11":{"start":{"line":31,"column":6},"end":{"line":31,"column":45}},"12":{"start":{"line":34,"column":27},"end":{"line":35,"column":null}},"13":{"start":{"line":38,"column":17},"end":{"line":45,"column":6}},"14":{"start":{"line":47,"column":17},"end":{"line":49,"column":6}},"15":{"start":{"line":51,"column":4},"end":{"line":53,"column":5}},"16":{"start":{"line":52,"column":6},"end":{"line":52,"column":48}},"17":{"start":{"line":55,"column":4},"end":{"line":55,"column":29}},"18":{"start":{"line":56,"column":4},"end":{"line":56,"column":16}},"19":{"start":{"line":60,"column":19},"end":{"line":63,"column":8}},"20":{"start":{"line":65,"column":6},"end":{"line":67,"column":7}},"21":{"start":{"line":66,"column":8},"end":{"line":66,"column":42}},"22":{"start":{"line":69,"column":22},"end":{"line":71,"column":null}},"23":{"start":{"line":74,"column":6},"end":{"line":76,"column":7}},"24":{"start":{"line":75,"column":8},"end":{"line":75,"column":47}},"25":{"start":{"line":78,"column":21},"end":{"line":78,"column":63}},"26":{"start":{"line":78,"column":56},"end":{"line":78,"column":62}},"27":{"start":{"line":80,"column":26},"end":{"line":84,"column":8}},"28":{"start":{"line":86,"column":27},"end":{"line":86,"column":72}},"29":{"start":{"line":89,"column":6},"end":{"line":93,"column":9}},"30":{"start":{"line":95,"column":6},"end":{"line":95,"column":43}},"31":{"start":{"line":99,"column":18},"end":{"line":99,"column":59}},"32":{"start":{"line":101,"column":22},"end":{"line":103,"column":4}},"33":{"start":{"line":105,"column":2},"end":{"line":107,"column":3}},"34":{"start":{"line":106,"column":4},"end":{"line":106,"column":45}},"35":{"start":{"line":109,"column":2},"end":{"line":111,"column":3}},"36":{"start":{"line":110,"column":4},"end":{"line":110,"column":45}},"37":{"start":{"line":113,"column":15},"end":{"line":115,"column":4}},"38":{"start":{"line":117,"column":2},"end":{"line":119,"column":3}},"39":{"start":{"line":118,"column":4},"end":{"line":118,"column":38}},"40":{"start":{"line":121,"column":17},"end":{"line":121,"column":59}},"41":{"start":{"line":121,"column":52},"end":{"line":121,"column":58}},"42":{"start":{"line":123,"column":25},"end":{"line":127,"column":4}},"43":{"start":{"line":129,"column":2},"end":{"line":129,"column":41}},"44":{"start":{"line":133,"column":22},"end":{"line":135,"column":4}},"45":{"start":{"line":137,"column":2},"end":{"line":139,"column":3}},"46":{"start":{"line":138,"column":4},"end":{"line":138,"column":39}},"47":{"start":{"line":141,"column":2},"end":{"line":141,"column":29}},"48":{"start":{"line":142,"column":2},"end":{"line":142,"column":27}},"49":{"start":{"line":144,"column":2},"end":{"line":144,"column":48}},"50":{"start":{"line":224,"column":15},"end":{"line":224,"column":55}},"51":{"start":{"line":226,"column":2},"end":{"line":228,"column":3}},"52":{"start":{"line":227,"column":4},"end":{"line":227,"column":38}},"53":{"start":{"line":230,"column":14},"end":{"line":230,"column":68}},"54":{"start":{"line":232,"column":2},"end":{"line":232,"column":23}},"55":{"start":{"line":233,"column":2},"end":{"line":233,"column":64}},"56":{"start":{"line":235,"column":2},"end":{"line":235,"column":20}},"57":{"start":{"line":237,"column":2},"end":{"line":245,"column":5}},"58":{"start":{"line":247,"column":2},"end":{"line":247,"column":42}},"59":{"start":{"line":250,"column":15},"end":{"line":250,"column":55}},"60":{"start":{"line":252,"column":2},"end":{"line":254,"column":3}},"61":{"start":{"line":253,"column":4},"end":{"line":253,"column":38}},"62":{"start":{"line":256,"column":2},"end":{"line":258,"column":3}},"63":{"start":{"line":257,"column":4},"end":{"line":257,"column":35}},"64":{"start":{"line":260,"column":2},"end":{"line":262,"column":3}},"65":{"start":{"line":261,"column":4},"end":{"line":261,"column":35}},"66":{"start":{"line":264,"column":25},"end":{"line":264,"column":77}},"67":{"start":{"line":266,"column":2},"end":{"line":266,"column":38}},"68":{"start":{"line":267,"column":2},"end":{"line":267,"column":24}},"69":{"start":{"line":268,"column":2},"end":{"line":268,"column":31}},"70":{"start":{"line":270,"column":2},"end":{"line":270,"column":20}},"71":{"start":{"line":272,"column":2},"end":{"line":272,"column":50}},"72":{"start":{"line":19,"column":0},"end":{"line":19,"column":13}}},"fnMap":{"0":{"name":"(anonymous_1)","decl":{"start":{"line":20,"column":2},"end":{"line":20,"column":null}},"loc":{"start":{"line":22,"column":41},"end":{"line":23,"column":6}}},"1":{"name":"(anonymous_2)","decl":{"start":{"line":25,"column":2},"end":{"line":25,"column":7}},"loc":{"start":{"line":25,"column":36},"end":{"line":57,"column":3}}},"2":{"name":"(anonymous_3)","decl":{"start":{"line":59,"column":4},"end":{"line":59,"column":9}},"loc":{"start":{"line":59,"column":47},"end":{"line":96,"column":1}}},"3":{"name":"(anonymous_4)","decl":{"start":{"line":78,"column":44},"end":{"line":78,"column":45}},"loc":{"start":{"line":78,"column":56},"end":{"line":78,"column":62}}},"4":{"name":"(anonymous_5)","decl":{"start":{"line":98,"column":2},"end":{"line":98,"column":7}},"loc":{"start":{"line":98,"column":29},"end":{"line":130,"column":1}}},"5":{"name":"(anonymous_6)","decl":{"start":{"line":121,"column":40},"end":{"line":121,"column":41}},"loc":{"start":{"line":121,"column":52},"end":{"line":121,"column":58}}},"6":{"name":"(anonymous_7)","decl":{"start":{"line":132,"column":0},"end":{"line":132,"column":5}},"loc":{"start":{"line":132,"column":26},"end":{"line":145,"column":1}}},"7":{"name":"(anonymous_8)","decl":{"start":{"line":223,"column":0},"end":{"line":223,"column":5}},"loc":{"start":{"line":223,"column":34},"end":{"line":248,"column":1}}},"8":{"name":"(anonymous_9)","decl":{"start":{"line":249,"column":0},"end":{"line":249,"column":5}},"loc":{"start":{"line":249,"column":67},"end":{"line":273,"column":1}}}},"branchMap":{"0":{"loc":{"start":{"line":21,"column":12},"end":{"line":21,"column":51}},"type":"default-arg","locations":[{"start":{"line":21,"column":30},"end":{"line":21,"column":51}}]},"1":{"loc":{"start":{"line":22,"column":12},"end":{"line":22,"column":41}},"type":"default-arg","locations":[{"start":{"line":22,"column":25},"end":{"line":22,"column":41}}]},"2":{"loc":{"start":{"line":30,"column":4},"end":{"line":32,"column":5}},"type":"if","locations":[{"start":{"line":30,"column":4},"end":{"line":32,"column":5}},{"start":{},"end":{}}]},"3":{"loc":{"start":{"line":44,"column":18},"end":{"line":44,"column":37}},"type":"binary-expr","locations":[{"start":{"line":44,"column":18},"end":{"line":44,"column":33}},{"start":{"line":44,"column":35},"end":{"line":44,"column":37}}]},"4":{"loc":{"start":{"line":51,"column":4},"end":{"line":53,"column":5}},"type":"if","locations":[{"start":{"line":51,"column":4},"end":{"line":53,"column":5}},{"start":{},"end":{}}]},"5":{"loc":{"start":{"line":65,"column":6},"end":{"line":67,"column":7}},"type":"if","locations":[{"start":{"line":65,"column":6},"end":{"line":67,"column":7}},{"start":{},"end":{}}]},"6":{"loc":{"start":{"line":74,"column":6},"end":{"line":76,"column":7}},"type":"if","locations":[{"start":{"line":74,"column":6},"end":{"line":76,"column":7}},{"start":{},"end":{}}]},"7":{"loc":{"start":{"line":105,"column":2},"end":{"line":107,"column":3}},"type":"if","locations":[{"start":{"line":105,"column":2},"end":{"line":107,"column":3}},{"start":{},"end":{}}]},"8":{"loc":{"start":{"line":109,"column":2},"end":{"line":111,"column":3}},"type":"if","locations":[{"start":{"line":109,"column":2},"end":{"line":111,"column":3}},{"start":{},"end":{}}]},"9":{"loc":{"start":{"line":117,"column":2},"end":{"line":119,"column":3}},"type":"if","locations":[{"start":{"line":117,"column":2},"end":{"line":119,"column":3}},{"start":{},"end":{}}]},"10":{"loc":{"start":{"line":137,"column":2},"end":{"line":139,"column":3}},"type":"if","locations":[{"start":{"line":137,"column":2},"end":{"line":139,"column":3}},{"start":{},"end":{}}]},"11":{"loc":{"start":{"line":226,"column":2},"end":{"line":228,"column":3}},"type":"if","locations":[{"start":{"line":226,"column":2},"end":{"line":228,"column":3}},{"start":{},"end":{}}]},"12":{"loc":{"start":{"line":252,"column":2},"end":{"line":254,"column":3}},"type":"if","locations":[{"start":{"line":252,"column":2},"end":{"line":254,"column":3}},{"start":{},"end":{}}]},"13":{"loc":{"start":{"line":256,"column":2},"end":{"line":258,"column":3}},"type":"if","locations":[{"start":{"line":256,"column":2},"end":{"line":258,"column":3}},{"start":{},"end":{}}]},"14":{"loc":{"start":{"line":256,"column":6},"end":{"line":256,"column":47}},"type":"binary-expr","locations":[{"start":{"line":256,"column":6},"end":{"line":256,"column":21}},{"start":{"line":256,"column":25},"end":{"line":256,"column":47}}]},"15":{"loc":{"start":{"line":260,"column":2},"end":{"line":262,"column":3}},"type":"if","locations":[{"start":{"line":260,"column":2},"end":{"line":262,"column":3}},{"start":{},"end":{}}]},"16":{"loc":{"start":{"line":260,"column":6},"end":{"line":260,"column":66}},"type":"binary-expr","locations":[{"start":{"line":260,"column":6},"end":{"line":260,"column":28}},{"start":{"line":260,"column":32},"end":{"line":260,"column":66}}]}},"s":{"0":1,"1":1,"2":1,"3":1,"4":1,"5":1,"6":1,"7":6,"8":6,"9":6,"10":6,"11":1,"12":5,"13":5,"14":5,"15":5,"16":1,"17":4,"18":4,"19":3,"20":3,"21":1,"22":2,"23":2,"24":1,"25":1,"26":1,"27":1,"28":1,"29":1,"30":1,"31":0,"32":0,"33":0,"34":0,"35":0,"36":0,"37":0,"38":0,"39":0,"40":0,"41":0,"42":0,"43":0,"44":0,"45":0,"46":0,"47":0,"48":0,"49":0,"50":0,"51":0,"52":0,"53":0,"54":0,"55":0,"56":0,"57":0,"58":0,"59":0,"60":0,"61":0,"62":0,"63":0,"64":0,"65":0,"66":0,"67":0,"68":0,"69":0,"70":0,"71":0,"72":1},"f":{"0":6,"1":6,"2":3,"3":1,"4":0,"5":0,"6":0,"7":0,"8":0},"b":{"0":[0],"1":[0],"2":[1,5],"3":[5,3],"4":[1,4],"5":[1,2],"6":[1,1],"7":[0,0],"8":[0,0],"9":[0,0],"10":[0,0],"11":[0,0],"12":[0,0],"13":[0,0],"14":[0,0],"15":[0,0],"16":[0,0]}}
,"C:\\Users\\Rahul Sahoo\\lms-platform\\apps\\auth-service\\src\\services\\jwt.service.ts": {"path":"C:\\Users\\Rahul Sahoo\\lms-platform\\apps\\auth-service\\src\\services\\jwt.service.ts","statementMap":{"0":{"start":{"line":1,"column":0},"end":{"line":1,"column":31}},"1":{"start":{"line":21,"column":4},"end":{"line":21,"column":48}},"2":{"start":{"line":22,"column":4},"end":{"line":22,"column":57}},"3":{"start":{"line":23,"column":4},"end":{"line":23,"column":69}},"4":{"start":{"line":24,"column":4},"end":{"line":24,"column":71}},"5":{"start":{"line":29,"column":4},"end":{"line":31,"column":7}},"6":{"start":{"line":35,"column":4},"end":{"line":37,"column":7}},"7":{"start":{"line":41,"column":4},"end":{"line":45,"column":5}},"8":{"start":{"line":42,"column":6},"end":{"line":42,"column":67}},"9":{"start":{"line":44,"column":6},"end":{"line":44,"column":46}},"10":{"start":{"line":50,"column":4},"end":{"line":54,"column":5}},"11":{"start":{"line":51,"column":6},"end":{"line":51,"column":69}},"12":{"start":{"line":53,"column":6},"end":{"line":53,"column":47}},"13":{"start":{"line":14,"column":0},"end":{"line":14,"column":13}}},"fnMap":{"0":{"name":"(anonymous_1)","decl":{"start":{"line":20,"column":2},"end":{"line":20,"column":null}},"loc":{"start":{"line":20,"column":2},"end":{"line":25,"column":3}}},"1":{"name":"(anonymous_2)","decl":{"start":{"line":28,"column":2},"end":{"line":28,"column":21}},"loc":{"start":{"line":28,"column":44},"end":{"line":32,"column":3}}},"2":{"name":"(anonymous_3)","decl":{"start":{"line":34,"column":2},"end":{"line":34,"column":22}},"loc":{"start":{"line":34,"column":37},"end":{"line":38,"column":3}}},"3":{"name":"(anonymous_4)","decl":{"start":{"line":40,"column":2},"end":{"line":40,"column":19}},"loc":{"start":{"line":40,"column":33},"end":{"line":46,"column":3}}},"4":{"name":"(anonymous_5)","decl":{"start":{"line":49,"column":2},"end":{"line":49,"column":20}},"loc":{"start":{"line":49,"column":34},"end":{"line":55,"column":3}}}},"branchMap":{},"s":{"0":2,"1":8,"2":8,"3":8,"4":8,"5":2,"6":1,"7":2,"8":2,"9":1,"10":0,"11":0,"12":0,"13":2},"f":{"0":8,"1":2,"2":1,"3":2,"4":0},"b":{}}
,"C:\\Users\\Rahul Sahoo\\lms-platform\\apps\\auth-service\\src\\services\\password.service.ts": {"path":"C:\\Users\\Rahul Sahoo\\lms-platform\\apps\\auth-service\\src\\services\\password.service.ts","statementMap":{"0":{"start":{"line":1,"column":0},"end":{"line":1,"column":27}},"1":{"start":{"line":6,"column":8},"end":{"line":8,"column":9}},"2":{"start":{"line":7,"column":12},"end":{"line":7,"column":56}},"3":{"start":{"line":9,"column":8},"end":{"line":9,"column":45}},"4":{"start":{"line":13,"column":8},"end":{"line":15,"column":9}},"5":{"start":{"line":14,"column":12},"end":{"line":14,"column":56}},"6":{"start":{"line":16,"column":8},"end":{"line":16,"column":null}},"7":{"start":{"line":3,"column":0},"end":{"line":3,"column":13}}},"fnMap":{"0":{"name":"(anonymous_1)","decl":{"start":{"line":4,"column":4},"end":{"line":4,"column":9}},"loc":{"start":{"line":4,"column":43},"end":{"line":10,"column":5}}},"1":{"name":"(anonymous_2)","decl":{"start":{"line":11,"column":4},"end":{"line":11,"column":9}},"loc":{"start":{"line":11,"column":68},"end":{"line":17,"column":5}}}},"branchMap":{"0":{"loc":{"start":{"line":6,"column":8},"end":{"line":8,"column":9}},"type":"if","locations":[{"start":{"line":6,"column":8},"end":{"line":8,"column":9}},{"start":{},"end":{}}]},"1":{"loc":{"start":{"line":6,"column":11},"end":{"line":6,"column":60}},"type":"binary-expr","locations":[{"start":{"line":6,"column":11},"end":{"line":6,"column":25}},{"start":{"line":6,"column":29},"end":{"line":6,"column":60}}]},"2":{"loc":{"start":{"line":13,"column":8},"end":{"line":15,"column":9}},"type":"if","locations":[{"start":{"line":13,"column":8},"end":{"line":15,"column":9}},{"start":{},"end":{}}]},"3":{"loc":{"start":{"line":13,"column":11},"end":{"line":13,"column":60}},"type":"binary-expr","locations":[{"start":{"line":13,"column":11},"end":{"line":13,"column":25}},{"start":{"line":13,"column":29},"end":{"line":13,"column":60}}]}},"s":{"0":2,"1":9,"2":1,"3":8,"4":5,"5":1,"6":4,"7":2},"f":{"0":9,"1":5},"b":{"0":[1,8],"1":[9,8],"2":[1,4],"3":[5,4]}}
,"C:\\Users\\Rahul Sahoo\\lms-platform\\apps\\auth-service\\src\\utils\\mailer.ts": {"path":"C:\\Users\\Rahul Sahoo\\lms-platform\\apps\\auth-service\\src\\utils\\mailer.ts","statementMap":{"0":{"start":{"line":10,"column":0},"end":{"line":10,"column":7}},"1":{"start":{"line":1,"column":0},"end":{"line":1,"column":36}},"2":{"start":{"line":2,"column":13},"end":{"line":8,"column":null}},"3":{"start":{"line":11,"column":4},"end":{"line":21,"column":null}}},"fnMap":{"0":{"name":"sendResetEmail","decl":{"start":{"line":10,"column":22},"end":{"line":10,"column":36}},"loc":{"start":{"line":10,"column":63},"end":{"line":22,"column":1}}}},"branchMap":{},"s":{"0":1,"1":1,"2":1,"3":0},"f":{"0":0},"b":{}}
}
