TN:
SF:src\config\database.config.ts
FN:22,(anonymous_1)
FNF:1
FNH:0
FNDA:0,(anonymous_1)
DA:1,3
DA:2,3
DA:4,3
DA:5,3
DA:7,0
DA:10,3
DA:22,3
DA:23,0
DA:24,0
DA:25,0
DA:27,0
DA:28,0
LF:12
LH:6
BRDA:4,0,0,3
BRDA:4,0,1,0
BRF:2
BRH:1
end_of_record
TN:
SF:src\models\index.ts
FN:34,(anonymous_0)
FN:34,(anonymous_1)
FN:34,(anonymous_2)
FN:34,(anonymous_3)
FN:34,(anonymous_4)
FNF:5
FNH:3
FNDA:14,(anonymous_0)
FNDA:10,(anonymous_1)
FNDA:0,(anonymous_2)
FNDA:0,(anonymous_3)
FNDA:1,(anonymous_4)
DA:1,3
DA:2,3
DA:3,3
DA:4,3
DA:5,3
DA:6,3
DA:9,3
DA:13,3
DA:18,3
DA:22,3
DA:27,3
DA:30,3
DA:34,17
LF:13
LH:13
BRF:0
BRH:0
end_of_record
TN:
SF:src\models\permission.model.ts
FNF:0
FNH:0
DA:1,3
DA:2,3
DA:4,3
DA:10,3
LF:4
LH:4
BRF:0
BRH:0
end_of_record
TN:
SF:src\models\refreshToken.model.ts
FNF:0
FNH:0
DA:1,3
DA:2,3
DA:3,3
DA:5,3
DA:13,3
LF:5
LH:5
BRF:0
BRH:0
end_of_record
TN:
SF:src\models\role.model.ts
FNF:0
FNH:0
DA:1,3
DA:2,3
DA:4,3
DA:10,3
LF:4
LH:4
BRF:0
BRH:0
end_of_record
TN:
SF:src\models\rolePermission.model.ts
FNF:0
FNH:0
DA:1,3
DA:2,3
DA:4,3
DA:6,3
LF:4
LH:4
BRF:0
BRH:0
end_of_record
TN:
SF:src\models\user.model.ts
FNF:0
FNH:0
DA:1,3
DA:3,3
DA:6,3
DA:21,3
LF:4
LH:4
BRF:0
BRH:0
end_of_record
TN:
SF:src\models\userRole.models.ts
FNF:0
FNH:0
DA:1,3
DA:2,3
DA:4,3
DA:6,3
LF:4
LH:4
BRF:0
BRH:0
end_of_record
TN:
SF:src\services\auth.service.ts
FN:17,(anonymous_0)
FN:22,(anonymous_1)
FN:57,(anonymous_2)
FN:76,(anonymous_3)
FN:96,(anonymous_4)
FN:119,(anonymous_5)
FN:130,(anonymous_6)
FNF:7
FNH:4
FNDA:6,(anonymous_0)
FNDA:6,(anonymous_1)
FNDA:3,(anonymous_2)
FNDA:1,(anonymous_3)
FNDA:0,(anonymous_4)
FNDA:0,(anonymous_5)
FNDA:0,(anonymous_6)
DA:1,1
DA:2,1
DA:3,1
DA:4,1
DA:16,1
DA:18,6
DA:19,6
DA:23,6
DA:27,6
DA:28,1
DA:31,5
DA:35,5
DA:44,5
DA:48,5
DA:49,1
DA:52,4
DA:54,4
DA:58,3
DA:63,3
DA:64,1
DA:67,2
DA:72,2
DA:73,1
DA:76,1
DA:78,1
DA:84,1
DA:87,1
DA:93,1
DA:97,0
DA:99,0
DA:103,0
DA:104,0
DA:107,0
DA:108,0
DA:111,0
DA:115,0
DA:116,0
DA:119,0
DA:121,0
DA:127,0
DA:131,0
DA:135,0
DA:136,0
DA:139,0
DA:140,0
DA:142,0
LF:46
LH:28
BRDA:18,0,0,0
BRDA:19,1,0,0
BRDA:27,2,0,1
BRDA:27,2,1,5
BRDA:48,3,0,1
BRDA:48,3,1,4
BRDA:63,4,0,1
BRDA:63,4,1,2
BRDA:72,5,0,1
BRDA:72,5,1,1
BRDA:103,6,0,0
BRDA:103,6,1,0
BRDA:107,7,0,0
BRDA:107,7,1,0
BRDA:115,8,0,0
BRDA:115,8,1,0
BRDA:135,9,0,0
BRDA:135,9,1,0
BRF:18
BRH:8
end_of_record
TN:
SF:src\services\jwt.service.ts
FN:20,(anonymous_1)
FN:28,(anonymous_2)
FN:35,(anonymous_3)
FN:42,(anonymous_4)
FN:51,(anonymous_5)
FNF:5
FNH:4
FNDA:8,(anonymous_1)
FNDA:2,(anonymous_2)
FNDA:1,(anonymous_3)
FNDA:2,(anonymous_4)
FNDA:0,(anonymous_5)
DA:1,2
DA:14,2
DA:21,8
DA:22,8
DA:23,8
DA:24,8
DA:29,2
DA:36,1
DA:43,2
DA:44,2
DA:46,1
DA:52,0
DA:53,0
DA:55,0
LF:14
LH:11
BRF:0
BRH:0
end_of_record
TN:
SF:src\services\password.service.ts
FN:4,(anonymous_1)
FN:11,(anonymous_2)
FNF:2
FNH:2
FNDA:9,(anonymous_1)
FNDA:5,(anonymous_2)
DA:1,2
DA:3,2
DA:6,9
DA:7,1
DA:9,8
DA:13,5
DA:14,1
DA:16,4
LF:8
LH:8
BRDA:6,0,0,1
BRDA:6,0,1,8
BRDA:6,1,0,9
BRDA:6,1,1,8
BRDA:13,2,0,1
BRDA:13,2,1,4
BRDA:13,3,0,5
BRDA:13,3,1,4
BRF:8
BRH:8
end_of_record
