TN:
SF:src\services\user.service.ts
FN:5,(anonymous_0)
FN:11,(anonymous_1)
FN:23,(anonymous_2)
FN:34,(anonymous_3)
FN:46,(anonymous_4)
FN:59,(anonymous_5)
FNF:6
FNH:5
FNDA:1,(anonymous_0)
FNDA:1,(anonymous_1)
FNDA:1,(anonymous_2)
FNDA:1,(anonymous_3)
FNDA:1,(anonymous_4)
FNDA:0,(anonymous_5)
DA:1,1
DA:3,1
DA:6,1
DA:12,1
DA:16,1
DA:17,0
DA:20,1
DA:24,1
DA:26,1
DA:27,0
DA:30,1
DA:31,1
DA:35,1
DA:37,1
DA:38,0
DA:41,1
DA:43,1
DA:47,1
DA:48,1
DA:50,1
DA:51,0
DA:54,1
DA:56,1
DA:60,0
DA:61,0
DA:63,0
DA:64,0
DA:67,0
DA:69,0
LF:29
LH:19
BRDA:16,0,0,0
BRDA:16,0,1,1
BRDA:26,1,0,0
BRDA:26,1,1,1
BRDA:37,2,0,0
BRDA:37,2,1,1
BRDA:50,3,0,0
BRDA:50,3,1,1
BRDA:50,4,0,1
BRDA:50,4,1,1
BRDA:63,5,0,0
BRDA:63,5,1,0
BRDA:63,6,0,0
BRDA:63,6,1,0
BRF:14
BRH:6
end_of_record
